2020-06-21 23:22:11,064 INFO org.springframework.web.context.ContextLoader [localhost-startStop-1] Root WebApplicationContext: initialization started
2020-06-21 23:22:11,084 TRACE org.springframework.web.context.support.AnnotationConfigWebApplicationContext [localhost-startStop-1] Refreshing Root WebApplicationContext, started on Sun Jun 21 23:22:11 MSK 2020
2020-06-21 23:22:11,114 TRACE org.springframework.context.annotation.ClassPathBeanDefinitionScanner [localhost-startStop-1] JSR-250 'javax.annotation.ManagedBean' found and supported for component scanning
2020-06-21 23:22:11,117 DEBUG org.springframework.web.context.support.AnnotationConfigWebApplicationContext [localhost-startStop-1] Registering component classes: [class com.epam.esm.web.config.SpringAppConfig]
2020-06-21 23:22:11,179 TRACE org.springframework.beans.factory.support.DefaultListableBeanFactory [localhost-startStop-1] Registering scope 'request' with implementation [org.springframework.web.context.request.RequestScope@340da9f3]
2020-06-21 23:22:11,179 TRACE org.springframework.beans.factory.support.DefaultListableBeanFactory [localhost-startStop-1] Registering scope 'session' with implementation [org.springframework.web.context.request.SessionScope@7a704bf2]
2020-06-21 23:22:11,179 TRACE org.springframework.beans.factory.support.DefaultListableBeanFactory [localhost-startStop-1] Registering scope 'application' with implementation [org.springframework.web.context.support.ServletContextScope@252a9beb]
2020-06-21 23:22:11,183 DEBUG org.springframework.beans.factory.support.DefaultListableBeanFactory [localhost-startStop-1] Creating shared instance of singleton bean 'org.springframework.context.annotation.internalConfigurationAnnotationProcessor'
2020-06-21 23:22:11,183 TRACE org.springframework.beans.factory.support.DefaultListableBeanFactory [localhost-startStop-1] Creating instance of bean 'org.springframework.context.annotation.internalConfigurationAnnotationProcessor'
2020-06-21 23:22:11,192 TRACE org.springframework.beans.factory.support.DefaultListableBeanFactory [localhost-startStop-1] Eagerly caching bean 'org.springframework.context.annotation.internalConfigurationAnnotationProcessor' to allow for resolving potential circular references
2020-06-21 23:22:11,194 TRACE org.springframework.beans.factory.support.DefaultListableBeanFactory [localhost-startStop-1] Finished creating instance of bean 'org.springframework.context.annotation.internalConfigurationAnnotationProcessor'
2020-06-21 23:22:11,203 TRACE org.springframework.context.annotation.ClassPathBeanDefinitionScanner [localhost-startStop-1] JSR-250 'javax.annotation.ManagedBean' found and supported for component scanning
2020-06-21 23:22:11,206 TRACE org.springframework.core.io.support.PathMatchingResourcePatternResolver [localhost-startStop-1] Resolved classpath location [com/epam/esm/] to resources [URL [jar:file:/D:/Java%20Lab/gift_service/web/build/install/web-shadow/lib/web-1.0-SNAPSHOT-all.jar!/com/epam/esm/]]
2020-06-21 23:22:11,207 TRACE org.springframework.core.io.support.PathMatchingResourcePatternResolver [localhost-startStop-1] Looking for matching resources in jar file [file:/D:/Java%20Lab/gift_service/web/build/install/web-shadow/lib/web-1.0-SNAPSHOT-all.jar]
2020-06-21 23:22:11,212 TRACE org.springframework.core.io.support.PathMatchingResourcePatternResolver [localhost-startStop-1] Resolved location pattern [classpath*:com/epam/esm/**/*.class] to resources [URL [jar:file:/D:/Java%20Lab/gift_service/web/build/install/web-shadow/lib/web-1.0-SNAPSHOT-all.jar!/com/epam/esm/web/config/SpringAppConfig.class], URL [jar:file:/D:/Java%20Lab/gift_service/web/build/install/web-shadow/lib/web-1.0-SNAPSHOT-all.jar!/com/epam/esm/web/controller/ExceptionHandlingController.class], URL [jar:file:/D:/Java%20Lab/gift_service/web/build/install/web-shadow/lib/web-1.0-SNAPSHOT-all.jar!/com/epam/esm/web/controller/GiftCertificateController.class], URL [jar:file:/D:/Java%20Lab/gift_service/web/build/install/web-shadow/lib/web-1.0-SNAPSHOT-all.jar!/com/epam/esm/web/controller/TagController.class], URL [jar:file:/D:/Java%20Lab/gift_service/web/build/install/web-shadow/lib/web-1.0-SNAPSHOT-all.jar!/com/epam/esm/web/dto/ErrorDto.class], URL [jar:file:/D:/Java%20Lab/gift_service/web/build/install/web-shadow/lib/web-1.0-SNAPSHOT-all.jar!/com/epam/esm/web/Main.class], URL [jar:file:/D:/Java%20Lab/gift_service/web/build/install/web-shadow/lib/web-1.0-SNAPSHOT-all.jar!/com/epam/esm/service/ApiService.class], URL [jar:file:/D:/Java%20Lab/gift_service/web/build/install/web-shadow/lib/web-1.0-SNAPSHOT-all.jar!/com/epam/esm/service/dto/GiftCertificateDto.class], URL [jar:file:/D:/Java%20Lab/gift_service/web/build/install/web-shadow/lib/web-1.0-SNAPSHOT-all.jar!/com/epam/esm/service/dto/TagDto.class], URL [jar:file:/D:/Java%20Lab/gift_service/web/build/install/web-shadow/lib/web-1.0-SNAPSHOT-all.jar!/com/epam/esm/service/exception/TagNotFoundException.class], URL [jar:file:/D:/Java%20Lab/gift_service/web/build/install/web-shadow/lib/web-1.0-SNAPSHOT-all.jar!/com/epam/esm/service/GiftCertificateService.class], URL [jar:file:/D:/Java%20Lab/gift_service/web/build/install/web-shadow/lib/web-1.0-SNAPSHOT-all.jar!/com/epam/esm/service/impl/GiftCertificateServiceImpl.class], URL [jar:file:/D:/Java%20Lab/gift_service/web/build/install/web-shadow/lib/web-1.0-SNAPSHOT-all.jar!/com/epam/esm/service/impl/TagServiceImpl.class], URL [jar:file:/D:/Java%20Lab/gift_service/web/build/install/web-shadow/lib/web-1.0-SNAPSHOT-all.jar!/com/epam/esm/service/TagService.class], URL [jar:file:/D:/Java%20Lab/gift_service/web/build/install/web-shadow/lib/web-1.0-SNAPSHOT-all.jar!/com/epam/esm/repository/ApiRepository.class], URL [jar:file:/D:/Java%20Lab/gift_service/web/build/install/web-shadow/lib/web-1.0-SNAPSHOT-all.jar!/com/epam/esm/repository/config/SpringJdbcConfig.class], URL [jar:file:/D:/Java%20Lab/gift_service/web/build/install/web-shadow/lib/web-1.0-SNAPSHOT-all.jar!/com/epam/esm/repository/entity/GiftCertificate.class], URL [jar:file:/D:/Java%20Lab/gift_service/web/build/install/web-shadow/lib/web-1.0-SNAPSHOT-all.jar!/com/epam/esm/repository/entity/Tag.class], URL [jar:file:/D:/Java%20Lab/gift_service/web/build/install/web-shadow/lib/web-1.0-SNAPSHOT-all.jar!/com/epam/esm/repository/GiftCertificateRepository.class], URL [jar:file:/D:/Java%20Lab/gift_service/web/build/install/web-shadow/lib/web-1.0-SNAPSHOT-all.jar!/com/epam/esm/repository/impl/GiftCertificateRepositoryImpl.class], URL [jar:file:/D:/Java%20Lab/gift_service/web/build/install/web-shadow/lib/web-1.0-SNAPSHOT-all.jar!/com/epam/esm/repository/impl/TagRepositoryImpl.class], URL [jar:file:/D:/Java%20Lab/gift_service/web/build/install/web-shadow/lib/web-1.0-SNAPSHOT-all.jar!/com/epam/esm/repository/rowmapper/GiftCertificateRowMapper.class], URL [jar:file:/D:/Java%20Lab/gift_service/web/build/install/web-shadow/lib/web-1.0-SNAPSHOT-all.jar!/com/epam/esm/repository/rowmapper/TagRowMapper.class], URL [jar:file:/D:/Java%20Lab/gift_service/web/build/install/web-shadow/lib/web-1.0-SNAPSHOT-all.jar!/com/epam/esm/repository/TagRepository.class]]
2020-06-21 23:22:11,213 TRACE org.springframework.context.annotation.ClassPathBeanDefinitionScanner [localhost-startStop-1] Scanning URL [jar:file:/D:/Java%20Lab/gift_service/web/build/install/web-shadow/lib/web-1.0-SNAPSHOT-all.jar!/com/epam/esm/web/config/SpringAppConfig.class]
2020-06-21 23:22:11,225 TRACE org.springframework.context.annotation.ClassPathBeanDefinitionScanner [localhost-startStop-1] Ignored because not matching any filter: URL [jar:file:/D:/Java%20Lab/gift_service/web/build/install/web-shadow/lib/web-1.0-SNAPSHOT-all.jar!/com/epam/esm/web/config/SpringAppConfig.class]
2020-06-21 23:22:11,225 TRACE org.springframework.context.annotation.ClassPathBeanDefinitionScanner [localhost-startStop-1] Scanning URL [jar:file:/D:/Java%20Lab/gift_service/web/build/install/web-shadow/lib/web-1.0-SNAPSHOT-all.jar!/com/epam/esm/web/controller/ExceptionHandlingController.class]
2020-06-21 23:22:11,233 DEBUG org.springframework.context.annotation.ClassPathBeanDefinitionScanner [localhost-startStop-1] Identified candidate component class: URL [jar:file:/D:/Java%20Lab/gift_service/web/build/install/web-shadow/lib/web-1.0-SNAPSHOT-all.jar!/com/epam/esm/web/controller/ExceptionHandlingController.class]
2020-06-21 23:22:11,233 TRACE org.springframework.context.annotation.ClassPathBeanDefinitionScanner [localhost-startStop-1] Scanning URL [jar:file:/D:/Java%20Lab/gift_service/web/build/install/web-shadow/lib/web-1.0-SNAPSHOT-all.jar!/com/epam/esm/web/controller/GiftCertificateController.class]
2020-06-21 23:22:11,245 DEBUG org.springframework.context.annotation.ClassPathBeanDefinitionScanner [localhost-startStop-1] Identified candidate component class: URL [jar:file:/D:/Java%20Lab/gift_service/web/build/install/web-shadow/lib/web-1.0-SNAPSHOT-all.jar!/com/epam/esm/web/controller/GiftCertificateController.class]
2020-06-21 23:22:11,247 TRACE org.springframework.context.annotation.ClassPathBeanDefinitionScanner [localhost-startStop-1] Scanning URL [jar:file:/D:/Java%20Lab/gift_service/web/build/install/web-shadow/lib/web-1.0-SNAPSHOT-all.jar!/com/epam/esm/web/controller/TagController.class]
2020-06-21 23:22:11,247 DEBUG org.springframework.context.annotation.ClassPathBeanDefinitionScanner [localhost-startStop-1] Identified candidate component class: URL [jar:file:/D:/Java%20Lab/gift_service/web/build/install/web-shadow/lib/web-1.0-SNAPSHOT-all.jar!/com/epam/esm/web/controller/TagController.class]
2020-06-21 23:22:11,247 TRACE org.springframework.context.annotation.ClassPathBeanDefinitionScanner [localhost-startStop-1] Scanning URL [jar:file:/D:/Java%20Lab/gift_service/web/build/install/web-shadow/lib/web-1.0-SNAPSHOT-all.jar!/com/epam/esm/web/dto/ErrorDto.class]
2020-06-21 23:22:11,248 TRACE org.springframework.context.annotation.ClassPathBeanDefinitionScanner [localhost-startStop-1] Ignored because not matching any filter: URL [jar:file:/D:/Java%20Lab/gift_service/web/build/install/web-shadow/lib/web-1.0-SNAPSHOT-all.jar!/com/epam/esm/web/dto/ErrorDto.class]
2020-06-21 23:22:11,248 TRACE org.springframework.context.annotation.ClassPathBeanDefinitionScanner [localhost-startStop-1] Scanning URL [jar:file:/D:/Java%20Lab/gift_service/web/build/install/web-shadow/lib/web-1.0-SNAPSHOT-all.jar!/com/epam/esm/web/Main.class]
2020-06-21 23:22:11,248 TRACE org.springframework.context.annotation.ClassPathBeanDefinitionScanner [localhost-startStop-1] Ignored because not matching any filter: URL [jar:file:/D:/Java%20Lab/gift_service/web/build/install/web-shadow/lib/web-1.0-SNAPSHOT-all.jar!/com/epam/esm/web/Main.class]
2020-06-21 23:22:11,248 TRACE org.springframework.context.annotation.ClassPathBeanDefinitionScanner [localhost-startStop-1] Scanning URL [jar:file:/D:/Java%20Lab/gift_service/web/build/install/web-shadow/lib/web-1.0-SNAPSHOT-all.jar!/com/epam/esm/service/ApiService.class]
2020-06-21 23:22:11,248 TRACE org.springframework.context.annotation.ClassPathBeanDefinitionScanner [localhost-startStop-1] Ignored because not matching any filter: URL [jar:file:/D:/Java%20Lab/gift_service/web/build/install/web-shadow/lib/web-1.0-SNAPSHOT-all.jar!/com/epam/esm/service/ApiService.class]
2020-06-21 23:22:11,248 TRACE org.springframework.context.annotation.ClassPathBeanDefinitionScanner [localhost-startStop-1] Scanning URL [jar:file:/D:/Java%20Lab/gift_service/web/build/install/web-shadow/lib/web-1.0-SNAPSHOT-all.jar!/com/epam/esm/service/dto/GiftCertificateDto.class]
2020-06-21 23:22:11,252 TRACE org.springframework.context.annotation.ClassPathBeanDefinitionScanner [localhost-startStop-1] Ignored because not matching any filter: URL [jar:file:/D:/Java%20Lab/gift_service/web/build/install/web-shadow/lib/web-1.0-SNAPSHOT-all.jar!/com/epam/esm/service/dto/GiftCertificateDto.class]
2020-06-21 23:22:11,252 TRACE org.springframework.context.annotation.ClassPathBeanDefinitionScanner [localhost-startStop-1] Scanning URL [jar:file:/D:/Java%20Lab/gift_service/web/build/install/web-shadow/lib/web-1.0-SNAPSHOT-all.jar!/com/epam/esm/service/dto/TagDto.class]
2020-06-21 23:22:11,252 TRACE org.springframework.context.annotation.ClassPathBeanDefinitionScanner [localhost-startStop-1] Ignored because not matching any filter: URL [jar:file:/D:/Java%20Lab/gift_service/web/build/install/web-shadow/lib/web-1.0-SNAPSHOT-all.jar!/com/epam/esm/service/dto/TagDto.class]
2020-06-21 23:22:11,252 TRACE org.springframework.context.annotation.ClassPathBeanDefinitionScanner [localhost-startStop-1] Scanning URL [jar:file:/D:/Java%20Lab/gift_service/web/build/install/web-shadow/lib/web-1.0-SNAPSHOT-all.jar!/com/epam/esm/service/exception/TagNotFoundException.class]
2020-06-21 23:22:11,252 TRACE org.springframework.context.annotation.ClassPathBeanDefinitionScanner [localhost-startStop-1] Ignored because not matching any filter: URL [jar:file:/D:/Java%20Lab/gift_service/web/build/install/web-shadow/lib/web-1.0-SNAPSHOT-all.jar!/com/epam/esm/service/exception/TagNotFoundException.class]
2020-06-21 23:22:11,253 TRACE org.springframework.context.annotation.ClassPathBeanDefinitionScanner [localhost-startStop-1] Scanning URL [jar:file:/D:/Java%20Lab/gift_service/web/build/install/web-shadow/lib/web-1.0-SNAPSHOT-all.jar!/com/epam/esm/service/GiftCertificateService.class]
2020-06-21 23:22:11,253 TRACE org.springframework.context.annotation.ClassPathBeanDefinitionScanner [localhost-startStop-1] Ignored because not matching any filter: URL [jar:file:/D:/Java%20Lab/gift_service/web/build/install/web-shadow/lib/web-1.0-SNAPSHOT-all.jar!/com/epam/esm/service/GiftCertificateService.class]
2020-06-21 23:22:11,253 TRACE org.springframework.context.annotation.ClassPathBeanDefinitionScanner [localhost-startStop-1] Scanning URL [jar:file:/D:/Java%20Lab/gift_service/web/build/install/web-shadow/lib/web-1.0-SNAPSHOT-all.jar!/com/epam/esm/service/impl/GiftCertificateServiceImpl.class]
2020-06-21 23:22:11,257 DEBUG org.springframework.context.annotation.ClassPathBeanDefinitionScanner [localhost-startStop-1] Identified candidate component class: URL [jar:file:/D:/Java%20Lab/gift_service/web/build/install/web-shadow/lib/web-1.0-SNAPSHOT-all.jar!/com/epam/esm/service/impl/GiftCertificateServiceImpl.class]
2020-06-21 23:22:11,257 TRACE org.springframework.context.annotation.ClassPathBeanDefinitionScanner [localhost-startStop-1] Scanning URL [jar:file:/D:/Java%20Lab/gift_service/web/build/install/web-shadow/lib/web-1.0-SNAPSHOT-all.jar!/com/epam/esm/service/impl/TagServiceImpl.class]
2020-06-21 23:22:11,258 DEBUG org.springframework.context.annotation.ClassPathBeanDefinitionScanner [localhost-startStop-1] Identified candidate component class: URL [jar:file:/D:/Java%20Lab/gift_service/web/build/install/web-shadow/lib/web-1.0-SNAPSHOT-all.jar!/com/epam/esm/service/impl/TagServiceImpl.class]
2020-06-21 23:22:11,258 TRACE org.springframework.context.annotation.ClassPathBeanDefinitionScanner [localhost-startStop-1] Scanning URL [jar:file:/D:/Java%20Lab/gift_service/web/build/install/web-shadow/lib/web-1.0-SNAPSHOT-all.jar!/com/epam/esm/service/TagService.class]
2020-06-21 23:22:11,259 TRACE org.springframework.context.annotation.ClassPathBeanDefinitionScanner [localhost-startStop-1] Ignored because not matching any filter: URL [jar:file:/D:/Java%20Lab/gift_service/web/build/install/web-shadow/lib/web-1.0-SNAPSHOT-all.jar!/com/epam/esm/service/TagService.class]
2020-06-21 23:22:11,259 TRACE org.springframework.context.annotation.ClassPathBeanDefinitionScanner [localhost-startStop-1] Scanning URL [jar:file:/D:/Java%20Lab/gift_service/web/build/install/web-shadow/lib/web-1.0-SNAPSHOT-all.jar!/com/epam/esm/repository/ApiRepository.class]
2020-06-21 23:22:11,259 TRACE org.springframework.context.annotation.ClassPathBeanDefinitionScanner [localhost-startStop-1] Ignored because not matching any filter: URL [jar:file:/D:/Java%20Lab/gift_service/web/build/install/web-shadow/lib/web-1.0-SNAPSHOT-all.jar!/com/epam/esm/repository/ApiRepository.class]
2020-06-21 23:22:11,259 TRACE org.springframework.context.annotation.ClassPathBeanDefinitionScanner [localhost-startStop-1] Scanning URL [jar:file:/D:/Java%20Lab/gift_service/web/build/install/web-shadow/lib/web-1.0-SNAPSHOT-all.jar!/com/epam/esm/repository/config/SpringJdbcConfig.class]
2020-06-21 23:22:11,261 DEBUG org.springframework.context.annotation.ClassPathBeanDefinitionScanner [localhost-startStop-1] Identified candidate component class: URL [jar:file:/D:/Java%20Lab/gift_service/web/build/install/web-shadow/lib/web-1.0-SNAPSHOT-all.jar!/com/epam/esm/repository/config/SpringJdbcConfig.class]
2020-06-21 23:22:11,261 TRACE org.springframework.context.annotation.ClassPathBeanDefinitionScanner [localhost-startStop-1] Scanning URL [jar:file:/D:/Java%20Lab/gift_service/web/build/install/web-shadow/lib/web-1.0-SNAPSHOT-all.jar!/com/epam/esm/repository/entity/GiftCertificate.class]
2020-06-21 23:22:11,262 TRACE org.springframework.context.annotation.ClassPathBeanDefinitionScanner [localhost-startStop-1] Ignored because not matching any filter: URL [jar:file:/D:/Java%20Lab/gift_service/web/build/install/web-shadow/lib/web-1.0-SNAPSHOT-all.jar!/com/epam/esm/repository/entity/GiftCertificate.class]
2020-06-21 23:22:11,262 TRACE org.springframework.context.annotation.ClassPathBeanDefinitionScanner [localhost-startStop-1] Scanning URL [jar:file:/D:/Java%20Lab/gift_service/web/build/install/web-shadow/lib/web-1.0-SNAPSHOT-all.jar!/com/epam/esm/repository/entity/Tag.class]
2020-06-21 23:22:11,263 TRACE org.springframework.context.annotation.ClassPathBeanDefinitionScanner [localhost-startStop-1] Ignored because not matching any filter: URL [jar:file:/D:/Java%20Lab/gift_service/web/build/install/web-shadow/lib/web-1.0-SNAPSHOT-all.jar!/com/epam/esm/repository/entity/Tag.class]
2020-06-21 23:22:11,263 TRACE org.springframework.context.annotation.ClassPathBeanDefinitionScanner [localhost-startStop-1] Scanning URL [jar:file:/D:/Java%20Lab/gift_service/web/build/install/web-shadow/lib/web-1.0-SNAPSHOT-all.jar!/com/epam/esm/repository/GiftCertificateRepository.class]
2020-06-21 23:22:11,263 TRACE org.springframework.context.annotation.ClassPathBeanDefinitionScanner [localhost-startStop-1] Ignored because not matching any filter: URL [jar:file:/D:/Java%20Lab/gift_service/web/build/install/web-shadow/lib/web-1.0-SNAPSHOT-all.jar!/com/epam/esm/repository/GiftCertificateRepository.class]
2020-06-21 23:22:11,263 TRACE org.springframework.context.annotation.ClassPathBeanDefinitionScanner [localhost-startStop-1] Scanning URL [jar:file:/D:/Java%20Lab/gift_service/web/build/install/web-shadow/lib/web-1.0-SNAPSHOT-all.jar!/com/epam/esm/repository/impl/GiftCertificateRepositoryImpl.class]
2020-06-21 23:22:11,265 DEBUG org.springframework.context.annotation.ClassPathBeanDefinitionScanner [localhost-startStop-1] Identified candidate component class: URL [jar:file:/D:/Java%20Lab/gift_service/web/build/install/web-shadow/lib/web-1.0-SNAPSHOT-all.jar!/com/epam/esm/repository/impl/GiftCertificateRepositoryImpl.class]
2020-06-21 23:22:11,265 TRACE org.springframework.context.annotation.ClassPathBeanDefinitionScanner [localhost-startStop-1] Scanning URL [jar:file:/D:/Java%20Lab/gift_service/web/build/install/web-shadow/lib/web-1.0-SNAPSHOT-all.jar!/com/epam/esm/repository/impl/TagRepositoryImpl.class]
2020-06-21 23:22:11,265 DEBUG org.springframework.context.annotation.ClassPathBeanDefinitionScanner [localhost-startStop-1] Identified candidate component class: URL [jar:file:/D:/Java%20Lab/gift_service/web/build/install/web-shadow/lib/web-1.0-SNAPSHOT-all.jar!/com/epam/esm/repository/impl/TagRepositoryImpl.class]
2020-06-21 23:22:11,265 TRACE org.springframework.context.annotation.ClassPathBeanDefinitionScanner [localhost-startStop-1] Scanning URL [jar:file:/D:/Java%20Lab/gift_service/web/build/install/web-shadow/lib/web-1.0-SNAPSHOT-all.jar!/com/epam/esm/repository/rowmapper/GiftCertificateRowMapper.class]
2020-06-21 23:22:11,266 TRACE org.springframework.context.annotation.ClassPathBeanDefinitionScanner [localhost-startStop-1] Ignored because not matching any filter: URL [jar:file:/D:/Java%20Lab/gift_service/web/build/install/web-shadow/lib/web-1.0-SNAPSHOT-all.jar!/com/epam/esm/repository/rowmapper/GiftCertificateRowMapper.class]
2020-06-21 23:22:11,266 TRACE org.springframework.context.annotation.ClassPathBeanDefinitionScanner [localhost-startStop-1] Scanning URL [jar:file:/D:/Java%20Lab/gift_service/web/build/install/web-shadow/lib/web-1.0-SNAPSHOT-all.jar!/com/epam/esm/repository/rowmapper/TagRowMapper.class]
2020-06-21 23:22:11,266 TRACE org.springframework.context.annotation.ClassPathBeanDefinitionScanner [localhost-startStop-1] Ignored because not matching any filter: URL [jar:file:/D:/Java%20Lab/gift_service/web/build/install/web-shadow/lib/web-1.0-SNAPSHOT-all.jar!/com/epam/esm/repository/rowmapper/TagRowMapper.class]
2020-06-21 23:22:11,266 TRACE org.springframework.context.annotation.ClassPathBeanDefinitionScanner [localhost-startStop-1] Scanning URL [jar:file:/D:/Java%20Lab/gift_service/web/build/install/web-shadow/lib/web-1.0-SNAPSHOT-all.jar!/com/epam/esm/repository/TagRepository.class]
2020-06-21 23:22:11,266 TRACE org.springframework.context.annotation.ClassPathBeanDefinitionScanner [localhost-startStop-1] Ignored because not matching any filter: URL [jar:file:/D:/Java%20Lab/gift_service/web/build/install/web-shadow/lib/web-1.0-SNAPSHOT-all.jar!/com/epam/esm/repository/TagRepository.class]
2020-06-21 23:22:11,327 TRACE org.springframework.context.annotation.ConfigurationClassBeanDefinitionReader [localhost-startStop-1] Registered bean definition for imported class 'org.springframework.transaction.annotation.ProxyTransactionManagementConfiguration'
2020-06-21 23:22:11,329 TRACE org.springframework.context.annotation.ConfigurationClassBeanDefinitionReader [localhost-startStop-1] Registering bean definition for @Bean method org.springframework.transaction.annotation.ProxyTransactionManagementConfiguration.org.springframework.transaction.config.internalTransactionAdvisor()
2020-06-21 23:22:11,329 TRACE org.springframework.context.annotation.ConfigurationClassBeanDefinitionReader [localhost-startStop-1] Registering bean definition for @Bean method org.springframework.transaction.annotation.ProxyTransactionManagementConfiguration.transactionAttributeSource()
2020-06-21 23:22:11,330 TRACE org.springframework.context.annotation.ConfigurationClassBeanDefinitionReader [localhost-startStop-1] Registering bean definition for @Bean method org.springframework.transaction.annotation.ProxyTransactionManagementConfiguration.transactionInterceptor()
2020-06-21 23:22:11,330 TRACE org.springframework.context.annotation.ConfigurationClassBeanDefinitionReader [localhost-startStop-1] Registering bean definition for @Bean method org.springframework.transaction.annotation.ProxyTransactionManagementConfiguration.org.springframework.transaction.config.internalTransactionalEventListenerFactory()
2020-06-21 23:22:11,330 TRACE org.springframework.context.annotation.ConfigurationClassBeanDefinitionReader [localhost-startStop-1] Registering bean definition for @Bean method com.epam.esm.repository.config.SpringJdbcConfig.hikariConfig()
2020-06-21 23:22:11,330 TRACE org.springframework.context.annotation.ConfigurationClassBeanDefinitionReader [localhost-startStop-1] Registering bean definition for @Bean method com.epam.esm.repository.config.SpringJdbcConfig.mysqlDataSource()
2020-06-21 23:22:11,331 TRACE org.springframework.context.annotation.ConfigurationClassBeanDefinitionReader [localhost-startStop-1] Registering bean definition for @Bean method com.epam.esm.repository.config.SpringJdbcConfig.jdbcTemplate()
2020-06-21 23:22:11,331 TRACE org.springframework.context.annotation.ConfigurationClassBeanDefinitionReader [localhost-startStop-1] Registering bean definition for @Bean method com.epam.esm.repository.config.SpringJdbcConfig.transactionManager()
2020-06-21 23:22:11,336 TRACE org.springframework.context.annotation.ConfigurationClassBeanDefinitionReader [localhost-startStop-1] Registered bean definition for imported class 'org.springframework.web.servlet.config.annotation.DelegatingWebMvcConfiguration'
2020-06-21 23:22:11,336 TRACE org.springframework.context.annotation.ConfigurationClassBeanDefinitionReader [localhost-startStop-1] Registering bean definition for @Bean method org.springframework.web.servlet.config.annotation.DelegatingWebMvcConfiguration.requestMappingHandlerMapping()
2020-06-21 23:22:11,336 TRACE org.springframework.context.annotation.ConfigurationClassBeanDefinitionReader [localhost-startStop-1] Registering bean definition for @Bean method org.springframework.web.servlet.config.annotation.DelegatingWebMvcConfiguration.mvcPathMatcher()
2020-06-21 23:22:11,337 TRACE org.springframework.context.annotation.ConfigurationClassBeanDefinitionReader [localhost-startStop-1] Registering bean definition for @Bean method org.springframework.web.servlet.config.annotation.DelegatingWebMvcConfiguration.mvcUrlPathHelper()
2020-06-21 23:22:11,337 TRACE org.springframework.context.annotation.ConfigurationClassBeanDefinitionReader [localhost-startStop-1] Registering bean definition for @Bean method org.springframework.web.servlet.config.annotation.DelegatingWebMvcConfiguration.mvcContentNegotiationManager()
2020-06-21 23:22:11,338 TRACE org.springframework.context.annotation.ConfigurationClassBeanDefinitionReader [localhost-startStop-1] Registering bean definition for @Bean method org.springframework.web.servlet.config.annotation.DelegatingWebMvcConfiguration.viewControllerHandlerMapping()
2020-06-21 23:22:11,338 TRACE org.springframework.context.annotation.ConfigurationClassBeanDefinitionReader [localhost-startStop-1] Registering bean definition for @Bean method org.springframework.web.servlet.config.annotation.DelegatingWebMvcConfiguration.beanNameHandlerMapping()
2020-06-21 23:22:11,339 TRACE org.springframework.context.annotation.ConfigurationClassBeanDefinitionReader [localhost-startStop-1] Registering bean definition for @Bean method org.springframework.web.servlet.config.annotation.DelegatingWebMvcConfiguration.routerFunctionMapping()
2020-06-21 23:22:11,339 TRACE org.springframework.context.annotation.ConfigurationClassBeanDefinitionReader [localhost-startStop-1] Registering bean definition for @Bean method org.springframework.web.servlet.config.annotation.DelegatingWebMvcConfiguration.resourceHandlerMapping()
2020-06-21 23:22:11,339 TRACE org.springframework.context.annotation.ConfigurationClassBeanDefinitionReader [localhost-startStop-1] Registering bean definition for @Bean method org.springframework.web.servlet.config.annotation.DelegatingWebMvcConfiguration.mvcResourceUrlProvider()
2020-06-21 23:22:11,340 TRACE org.springframework.context.annotation.ConfigurationClassBeanDefinitionReader [localhost-startStop-1] Registering bean definition for @Bean method org.springframework.web.servlet.config.annotation.DelegatingWebMvcConfiguration.defaultServletHandlerMapping()
2020-06-21 23:22:11,340 TRACE org.springframework.context.annotation.ConfigurationClassBeanDefinitionReader [localhost-startStop-1] Registering bean definition for @Bean method org.springframework.web.servlet.config.annotation.DelegatingWebMvcConfiguration.requestMappingHandlerAdapter()
2020-06-21 23:22:11,340 TRACE org.springframework.context.annotation.ConfigurationClassBeanDefinitionReader [localhost-startStop-1] Registering bean definition for @Bean method org.springframework.web.servlet.config.annotation.DelegatingWebMvcConfiguration.handlerFunctionAdapter()
2020-06-21 23:22:11,341 TRACE org.springframework.context.annotation.ConfigurationClassBeanDefinitionReader [localhost-startStop-1] Registering bean definition for @Bean method org.springframework.web.servlet.config.annotation.DelegatingWebMvcConfiguration.mvcConversionService()
2020-06-21 23:22:11,341 TRACE org.springframework.context.annotation.ConfigurationClassBeanDefinitionReader [localhost-startStop-1] Registering bean definition for @Bean method org.springframework.web.servlet.config.annotation.DelegatingWebMvcConfiguration.mvcValidator()
2020-06-21 23:22:11,341 TRACE org.springframework.context.annotation.ConfigurationClassBeanDefinitionReader [localhost-startStop-1] Registering bean definition for @Bean method org.springframework.web.servlet.config.annotation.DelegatingWebMvcConfiguration.mvcUriComponentsContributor()
2020-06-21 23:22:11,342 TRACE org.springframework.context.annotation.ConfigurationClassBeanDefinitionReader [localhost-startStop-1] Registering bean definition for @Bean method org.springframework.web.servlet.config.annotation.DelegatingWebMvcConfiguration.httpRequestHandlerAdapter()
2020-06-21 23:22:11,343 TRACE org.springframework.context.annotation.ConfigurationClassBeanDefinitionReader [localhost-startStop-1] Registering bean definition for @Bean method org.springframework.web.servlet.config.annotation.DelegatingWebMvcConfiguration.simpleControllerHandlerAdapter()
2020-06-21 23:22:11,343 TRACE org.springframework.context.annotation.ConfigurationClassBeanDefinitionReader [localhost-startStop-1] Registering bean definition for @Bean method org.springframework.web.servlet.config.annotation.DelegatingWebMvcConfiguration.handlerExceptionResolver()
2020-06-21 23:22:11,343 TRACE org.springframework.context.annotation.ConfigurationClassBeanDefinitionReader [localhost-startStop-1] Registering bean definition for @Bean method org.springframework.web.servlet.config.annotation.DelegatingWebMvcConfiguration.mvcViewResolver()
2020-06-21 23:22:11,343 TRACE org.springframework.context.annotation.ConfigurationClassBeanDefinitionReader [localhost-startStop-1] Registering bean definition for @Bean method org.springframework.web.servlet.config.annotation.DelegatingWebMvcConfiguration.mvcHandlerMappingIntrospector()
2020-06-21 23:22:11,344 TRACE org.springframework.context.annotation.ConfigurationClassBeanDefinitionReader [localhost-startStop-1] Registering bean definition for @Bean method com.epam.esm.web.config.SpringAppConfig.modelMapper()
2020-06-21 23:22:11,344 TRACE org.springframework.context.annotation.ConfigurationClassBeanDefinitionReader [localhost-startStop-1] Registering bean definition for @Bean method com.epam.esm.web.config.SpringAppConfig.methodValidationPostProcessor()
2020-06-21 23:22:11,407 TRACE org.springframework.context.annotation.ConfigurationClassEnhancer [localhost-startStop-1] Successfully enhanced com.epam.esm.web.config.SpringAppConfig; enhanced class name is: com.epam.esm.web.config.SpringAppConfig$$EnhancerBySpringCGLIB$$44c6d4b6
2020-06-21 23:22:11,407 TRACE org.springframework.context.annotation.ConfigurationClassPostProcessor [localhost-startStop-1] Replacing bean definition 'springAppConfig' existing class 'com.epam.esm.web.config.SpringAppConfig' with enhanced class 'com.epam.esm.web.config.SpringAppConfig$$EnhancerBySpringCGLIB$$44c6d4b6'
2020-06-21 23:22:11,410 TRACE org.springframework.context.annotation.ConfigurationClassEnhancer [localhost-startStop-1] Successfully enhanced com.epam.esm.repository.config.SpringJdbcConfig; enhanced class name is: com.epam.esm.repository.config.SpringJdbcConfig$$EnhancerBySpringCGLIB$$94c3abe4
2020-06-21 23:22:11,410 TRACE org.springframework.context.annotation.ConfigurationClassPostProcessor [localhost-startStop-1] Replacing bean definition 'springJdbcConfig' existing class 'com.epam.esm.repository.config.SpringJdbcConfig' with enhanced class 'com.epam.esm.repository.config.SpringJdbcConfig$$EnhancerBySpringCGLIB$$94c3abe4'
2020-06-21 23:22:11,410 DEBUG org.springframework.beans.factory.support.DefaultListableBeanFactory [localhost-startStop-1] Creating shared instance of singleton bean 'org.springframework.context.event.internalEventListenerProcessor'
2020-06-21 23:22:11,410 TRACE org.springframework.beans.factory.support.DefaultListableBeanFactory [localhost-startStop-1] Creating instance of bean 'org.springframework.context.event.internalEventListenerProcessor'
2020-06-21 23:22:11,411 TRACE org.springframework.beans.factory.support.DefaultListableBeanFactory [localhost-startStop-1] Eagerly caching bean 'org.springframework.context.event.internalEventListenerProcessor' to allow for resolving potential circular references
2020-06-21 23:22:11,411 TRACE org.springframework.beans.factory.support.DefaultListableBeanFactory [localhost-startStop-1] Finished creating instance of bean 'org.springframework.context.event.internalEventListenerProcessor'
2020-06-21 23:22:11,411 DEBUG org.springframework.beans.factory.support.DefaultListableBeanFactory [localhost-startStop-1] Creating shared instance of singleton bean 'org.springframework.context.event.internalEventListenerFactory'
2020-06-21 23:22:11,411 TRACE org.springframework.beans.factory.support.DefaultListableBeanFactory [localhost-startStop-1] Creating instance of bean 'org.springframework.context.event.internalEventListenerFactory'
2020-06-21 23:22:11,411 TRACE org.springframework.beans.factory.support.DefaultListableBeanFactory [localhost-startStop-1] Eagerly caching bean 'org.springframework.context.event.internalEventListenerFactory' to allow for resolving potential circular references
2020-06-21 23:22:11,411 TRACE org.springframework.beans.factory.support.DefaultListableBeanFactory [localhost-startStop-1] Finished creating instance of bean 'org.springframework.context.event.internalEventListenerFactory'
2020-06-21 23:22:11,412 DEBUG org.springframework.beans.factory.support.DefaultListableBeanFactory [localhost-startStop-1] Creating shared instance of singleton bean 'org.springframework.transaction.config.internalTransactionalEventListenerFactory'
2020-06-21 23:22:11,412 TRACE org.springframework.beans.factory.support.DefaultListableBeanFactory [localhost-startStop-1] Creating instance of bean 'org.springframework.transaction.config.internalTransactionalEventListenerFactory'
2020-06-21 23:22:11,414 TRACE org.springframework.beans.factory.support.DefaultListableBeanFactory [localhost-startStop-1] Eagerly caching bean 'org.springframework.transaction.config.internalTransactionalEventListenerFactory' to allow for resolving potential circular references
2020-06-21 23:22:11,414 TRACE org.springframework.beans.factory.support.DefaultListableBeanFactory [localhost-startStop-1] Finished creating instance of bean 'org.springframework.transaction.config.internalTransactionalEventListenerFactory'
2020-06-21 23:22:11,416 DEBUG org.springframework.beans.factory.support.DefaultListableBeanFactory [localhost-startStop-1] Creating shared instance of singleton bean 'org.springframework.context.annotation.internalAutowiredAnnotationProcessor'
2020-06-21 23:22:11,416 TRACE org.springframework.beans.factory.support.DefaultListableBeanFactory [localhost-startStop-1] Creating instance of bean 'org.springframework.context.annotation.internalAutowiredAnnotationProcessor'
2020-06-21 23:22:11,416 TRACE org.springframework.beans.factory.support.DefaultListableBeanFactory [localhost-startStop-1] Eagerly caching bean 'org.springframework.context.annotation.internalAutowiredAnnotationProcessor' to allow for resolving potential circular references
2020-06-21 23:22:11,416 TRACE org.springframework.beans.factory.support.DefaultListableBeanFactory [localhost-startStop-1] Finished creating instance of bean 'org.springframework.context.annotation.internalAutowiredAnnotationProcessor'
2020-06-21 23:22:11,416 DEBUG org.springframework.beans.factory.support.DefaultListableBeanFactory [localhost-startStop-1] Creating shared instance of singleton bean 'org.springframework.context.annotation.internalCommonAnnotationProcessor'
2020-06-21 23:22:11,416 TRACE org.springframework.beans.factory.support.DefaultListableBeanFactory [localhost-startStop-1] Creating instance of bean 'org.springframework.context.annotation.internalCommonAnnotationProcessor'
2020-06-21 23:22:11,418 TRACE org.springframework.beans.factory.support.DefaultListableBeanFactory [localhost-startStop-1] Eagerly caching bean 'org.springframework.context.annotation.internalCommonAnnotationProcessor' to allow for resolving potential circular references
2020-06-21 23:22:11,418 TRACE org.springframework.beans.factory.support.DefaultListableBeanFactory [localhost-startStop-1] Finished creating instance of bean 'org.springframework.context.annotation.internalCommonAnnotationProcessor'
2020-06-21 23:22:11,418 DEBUG org.springframework.beans.factory.support.DefaultListableBeanFactory [localhost-startStop-1] Creating shared instance of singleton bean 'org.springframework.aop.config.internalAutoProxyCreator'
2020-06-21 23:22:11,418 TRACE org.springframework.beans.factory.support.DefaultListableBeanFactory [localhost-startStop-1] Creating instance of bean 'org.springframework.aop.config.internalAutoProxyCreator'
2020-06-21 23:22:11,425 TRACE org.springframework.beans.factory.support.DefaultListableBeanFactory [localhost-startStop-1] Eagerly caching bean 'org.springframework.aop.config.internalAutoProxyCreator' to allow for resolving potential circular references
2020-06-21 23:22:11,429 TRACE org.springframework.core.io.support.SpringFactoriesLoader [localhost-startStop-1] Loaded [org.springframework.beans.BeanInfoFactory] names: [org.springframework.beans.ExtendedBeanInfoFactory]
2020-06-21 23:22:11,430 TRACE org.springframework.beans.CachedIntrospectionResults [localhost-startStop-1] Getting BeanInfo for class [org.springframework.aop.framework.autoproxy.InfrastructureAdvisorAutoProxyCreator]
2020-06-21 23:22:11,441 TRACE org.springframework.beans.CachedIntrospectionResults [localhost-startStop-1] Caching PropertyDescriptors for class [org.springframework.aop.framework.autoproxy.InfrastructureAdvisorAutoProxyCreator]
2020-06-21 23:22:11,442 TRACE org.springframework.beans.CachedIntrospectionResults [localhost-startStop-1] Found bean property 'advisorAdapterRegistry' of type [org.springframework.aop.framework.adapter.AdvisorAdapterRegistry]
2020-06-21 23:22:11,442 TRACE org.springframework.beans.CachedIntrospectionResults [localhost-startStop-1] Found bean property 'applyCommonInterceptorsFirst' of type [boolean]
2020-06-21 23:22:11,442 TRACE org.springframework.beans.CachedIntrospectionResults [localhost-startStop-1] Found bean property 'beanClassLoader' of type [java.lang.ClassLoader]
2020-06-21 23:22:11,442 TRACE org.springframework.beans.CachedIntrospectionResults [localhost-startStop-1] Found bean property 'beanFactory' of type [org.springframework.beans.factory.BeanFactory]
2020-06-21 23:22:11,442 TRACE org.springframework.beans.CachedIntrospectionResults [localhost-startStop-1] Found bean property 'class' of type [java.lang.Class]
2020-06-21 23:22:11,445 TRACE org.springframework.beans.CachedIntrospectionResults [localhost-startStop-1] Found bean property 'customTargetSourceCreators' of type [[Lorg.springframework.aop.framework.autoproxy.TargetSourceCreator;]
2020-06-21 23:22:11,445 TRACE org.springframework.beans.CachedIntrospectionResults [localhost-startStop-1] Found bean property 'exposeProxy' of type [boolean]
2020-06-21 23:22:11,445 TRACE org.springframework.beans.CachedIntrospectionResults [localhost-startStop-1] Found bean property 'frozen' of type [boolean]
2020-06-21 23:22:11,446 TRACE org.springframework.beans.CachedIntrospectionResults [localhost-startStop-1] Found bean property 'interceptorNames' of type [[Ljava.lang.String;]
2020-06-21 23:22:11,446 TRACE org.springframework.beans.CachedIntrospectionResults [localhost-startStop-1] Found bean property 'opaque' of type [boolean]
2020-06-21 23:22:11,446 TRACE org.springframework.beans.CachedIntrospectionResults [localhost-startStop-1] Found bean property 'optimize' of type [boolean]
2020-06-21 23:22:11,446 TRACE org.springframework.beans.CachedIntrospectionResults [localhost-startStop-1] Found bean property 'order' of type [int]
2020-06-21 23:22:11,446 TRACE org.springframework.beans.CachedIntrospectionResults [localhost-startStop-1] Found bean property 'proxyClassLoader' of type [java.lang.ClassLoader]
2020-06-21 23:22:11,446 TRACE org.springframework.beans.CachedIntrospectionResults [localhost-startStop-1] Found bean property 'proxyTargetClass' of type [boolean]
2020-06-21 23:22:11,457 TRACE org.springframework.beans.factory.support.DefaultListableBeanFactory [localhost-startStop-1] Finished creating instance of bean 'org.springframework.aop.config.internalAutoProxyCreator'
2020-06-21 23:22:11,457 DEBUG org.springframework.beans.factory.support.DefaultListableBeanFactory [localhost-startStop-1] Creating shared instance of singleton bean 'methodValidationPostProcessor'
2020-06-21 23:22:11,457 TRACE org.springframework.beans.factory.support.DefaultListableBeanFactory [localhost-startStop-1] Creating instance of bean 'methodValidationPostProcessor'
2020-06-21 23:22:11,457 DEBUG org.springframework.beans.factory.support.DefaultListableBeanFactory [localhost-startStop-1] Creating shared instance of singleton bean 'springAppConfig'
2020-06-21 23:22:11,457 TRACE org.springframework.beans.factory.support.DefaultListableBeanFactory [localhost-startStop-1] Creating instance of bean 'springAppConfig'
2020-06-21 23:22:11,457 TRACE org.springframework.beans.factory.support.DefaultListableBeanFactory [localhost-startStop-1] Eagerly caching bean 'springAppConfig' to allow for resolving potential circular references
2020-06-21 23:22:11,458 INFO org.springframework.context.support.PostProcessorRegistrationDelegate$BeanPostProcessorChecker [localhost-startStop-1] Bean 'springAppConfig' of type [com.epam.esm.web.config.SpringAppConfig$$EnhancerBySpringCGLIB$$44c6d4b6] is not eligible for getting processed by all BeanPostProcessors (for example: not eligible for auto-proxying)
2020-06-21 23:22:11,458 TRACE org.springframework.beans.factory.support.DefaultListableBeanFactory [localhost-startStop-1] Finished creating instance of bean 'springAppConfig'
2020-06-21 23:22:11,467 TRACE org.springframework.beans.factory.support.DefaultListableBeanFactory [localhost-startStop-1] Eagerly caching bean 'methodValidationPostProcessor' to allow for resolving potential circular references
2020-06-21 23:22:11,467 TRACE org.springframework.beans.factory.support.DefaultListableBeanFactory [localhost-startStop-1] Invoking afterPropertiesSet() on bean with name 'methodValidationPostProcessor'
2020-06-21 23:22:11,528 DEBUG org.jboss.logging [localhost-startStop-1] Logging Provider: org.jboss.logging.Log4j2LoggerProvider
2020-06-21 23:22:11,528 INFO org.hibernate.validator.internal.util.Version [localhost-startStop-1] HV000001: Hibernate Validator null
2020-06-21 23:22:11,532 DEBUG org.hibernate.validator.internal.xml.config.ValidationXmlParser [localhost-startStop-1] Trying to load META-INF/validation.xml for XML based Validator configuration.
2020-06-21 23:22:11,533 DEBUG org.hibernate.validator.internal.xml.config.ResourceLoaderHelper [localhost-startStop-1] Trying to load META-INF/validation.xml via TCCL
2020-06-21 23:22:11,534 DEBUG org.hibernate.validator.internal.xml.config.ResourceLoaderHelper [localhost-startStop-1] Trying to load META-INF/validation.xml via Hibernate Validator's class loader
2020-06-21 23:22:11,534 DEBUG org.hibernate.validator.internal.xml.config.ValidationXmlParser [localhost-startStop-1] No META-INF/validation.xml found. Using annotation based configuration only.
2020-06-21 23:22:11,536 DEBUG org.hibernate.validator.internal.engine.resolver.TraversableResolvers [localhost-startStop-1] Found javax.persistence.Persistence on classpath, but no method 'getPersistenceUtil'. Assuming JPA 1 environment. All properties will per default be traversable.
2020-06-21 23:22:11,550 DEBUG org.hibernate.validator.messageinterpolation.ResourceBundleMessageInterpolator [localhost-startStop-1] Loaded expression factory via original TCCL
2020-06-21 23:22:11,614 DEBUG org.hibernate.validator.internal.engine.ValidatorFactoryConfigurationHelper [localhost-startStop-1] HV000252: Using org.hibernate.validator.internal.engine.DefaultPropertyNodeNameProvider as property node name provider.
2020-06-21 23:22:11,618 DEBUG org.hibernate.validator.internal.engine.ValidatorFactoryConfigurationHelper [localhost-startStop-1] HV000234: Using org.hibernate.validator.messageinterpolation.ResourceBundleMessageInterpolator as ValidatorFactory-scoped message interpolator.
2020-06-21 23:22:11,618 DEBUG org.hibernate.validator.internal.engine.ValidatorFactoryConfigurationHelper [localhost-startStop-1] HV000234: Using org.hibernate.validator.internal.engine.resolver.TraverseAllTraversableResolver as ValidatorFactory-scoped traversable resolver.
2020-06-21 23:22:11,618 DEBUG org.hibernate.validator.internal.engine.ValidatorFactoryConfigurationHelper [localhost-startStop-1] HV000234: Using org.hibernate.validator.internal.util.ExecutableParameterNameProvider as ValidatorFactory-scoped parameter name provider.
2020-06-21 23:22:11,619 DEBUG org.hibernate.validator.internal.engine.ValidatorFactoryConfigurationHelper [localhost-startStop-1] HV000234: Using org.hibernate.validator.internal.engine.DefaultClockProvider as ValidatorFactory-scoped clock provider.
2020-06-21 23:22:11,619 DEBUG org.hibernate.validator.internal.engine.ValidatorFactoryConfigurationHelper [localhost-startStop-1] HV000234: Using org.hibernate.validator.internal.engine.scripting.DefaultScriptEvaluatorFactory as ValidatorFactory-scoped script evaluator factory.
2020-06-21 23:22:11,636 TRACE org.springframework.beans.factory.support.DefaultListableBeanFactory [localhost-startStop-1] Finished creating instance of bean 'methodValidationPostProcessor'
2020-06-21 23:22:11,637 TRACE org.springframework.web.context.support.AnnotationConfigWebApplicationContext [localhost-startStop-1] No 'messageSource' bean, using [Empty MessageSource]
2020-06-21 23:22:11,638 TRACE org.springframework.web.context.support.AnnotationConfigWebApplicationContext [localhost-startStop-1] No 'applicationEventMulticaster' bean, using [SimpleApplicationEventMulticaster]
2020-06-21 23:22:11,639 DEBUG org.springframework.ui.context.support.UiApplicationContextUtils [localhost-startStop-1] Unable to locate ThemeSource with name 'themeSource': using default [org.springframework.ui.context.support.ResourceBundleThemeSource@37de852d]
2020-06-21 23:22:11,640 TRACE org.springframework.beans.factory.support.DefaultListableBeanFactory [localhost-startStop-1] Pre-instantiating singletons in org.springframework.beans.factory.support.DefaultListableBeanFactory@b82ad4a: defining beans [org.springframework.context.annotation.internalConfigurationAnnotationProcessor,org.springframework.context.annotation.internalAutowiredAnnotationProcessor,org.springframework.context.annotation.internalCommonAnnotationProcessor,org.springframework.context.event.internalEventListenerProcessor,org.springframework.context.event.internalEventListenerFactory,springAppConfig,exceptionHandlingController,giftCertificateController,tagController,giftCertificateServiceImpl,tagServiceImpl,springJdbcConfig,giftCertificateRepositoryImpl,tagRepositoryImpl,org.springframework.transaction.annotation.ProxyTransactionManagementConfiguration,org.springframework.transaction.config.internalTransactionAdvisor,transactionAttributeSource,transactionInterceptor,org.springframework.transaction.config.internalTransactionalEventListenerFactory,hikariConfig,mysqlDataSource,jdbcTemplate,transactionManager,org.springframework.aop.config.internalAutoProxyCreator,org.springframework.web.servlet.config.annotation.DelegatingWebMvcConfiguration,requestMappingHandlerMapping,mvcPathMatcher,mvcUrlPathHelper,mvcContentNegotiationManager,viewControllerHandlerMapping,beanNameHandlerMapping,routerFunctionMapping,resourceHandlerMapping,mvcResourceUrlProvider,defaultServletHandlerMapping,requestMappingHandlerAdapter,handlerFunctionAdapter,mvcConversionService,mvcValidator,mvcUriComponentsContributor,httpRequestHandlerAdapter,simpleControllerHandlerAdapter,handlerExceptionResolver,mvcViewResolver,mvcHandlerMappingIntrospector,modelMapper,methodValidationPostProcessor]; root of factory hierarchy
2020-06-21 23:22:11,641 TRACE org.springframework.beans.factory.support.DefaultListableBeanFactory [localhost-startStop-1] Returning cached instance of singleton bean 'org.springframework.context.annotation.internalConfigurationAnnotationProcessor'
2020-06-21 23:22:11,641 TRACE org.springframework.beans.factory.support.DefaultListableBeanFactory [localhost-startStop-1] Returning cached instance of singleton bean 'org.springframework.context.annotation.internalAutowiredAnnotationProcessor'
2020-06-21 23:22:11,641 TRACE org.springframework.beans.factory.support.DefaultListableBeanFactory [localhost-startStop-1] Returning cached instance of singleton bean 'org.springframework.context.annotation.internalCommonAnnotationProcessor'
2020-06-21 23:22:11,641 TRACE org.springframework.beans.factory.support.DefaultListableBeanFactory [localhost-startStop-1] Returning cached instance of singleton bean 'org.springframework.context.event.internalEventListenerProcessor'
2020-06-21 23:22:11,641 TRACE org.springframework.beans.factory.support.DefaultListableBeanFactory [localhost-startStop-1] Returning cached instance of singleton bean 'org.springframework.context.event.internalEventListenerFactory'
2020-06-21 23:22:11,641 TRACE org.springframework.beans.factory.support.DefaultListableBeanFactory [localhost-startStop-1] Returning cached instance of singleton bean 'springAppConfig'
2020-06-21 23:22:11,641 DEBUG org.springframework.beans.factory.support.DefaultListableBeanFactory [localhost-startStop-1] Creating shared instance of singleton bean 'exceptionHandlingController'
2020-06-21 23:22:11,641 TRACE org.springframework.beans.factory.support.DefaultListableBeanFactory [localhost-startStop-1] Creating instance of bean 'exceptionHandlingController'
2020-06-21 23:22:11,645 WARN org.springframework.web.context.support.AnnotationConfigWebApplicationContext [localhost-startStop-1] Exception encountered during context initialization - cancelling refresh attempt: org.springframework.beans.factory.BeanCreationException: Error creating bean with name 'exceptionHandlingController' defined in URL [jar:file:/D:/Java%20Lab/gift_service/web/build/install/web-shadow/lib/web-1.0-SNAPSHOT-all.jar!/com/epam/esm/web/controller/ExceptionHandlingController.class]: Instantiation of bean failed; nested exception is java.lang.ExceptionInInitializerError
2020-06-21 23:22:11,645 TRACE org.springframework.beans.factory.support.DefaultListableBeanFactory [localhost-startStop-1] Destroying singletons in org.springframework.beans.factory.support.DefaultListableBeanFactory@b82ad4a: defining beans [org.springframework.context.annotation.internalConfigurationAnnotationProcessor,org.springframework.context.annotation.internalAutowiredAnnotationProcessor,org.springframework.context.annotation.internalCommonAnnotationProcessor,org.springframework.context.event.internalEventListenerProcessor,org.springframework.context.event.internalEventListenerFactory,springAppConfig,exceptionHandlingController,giftCertificateController,tagController,giftCertificateServiceImpl,tagServiceImpl,springJdbcConfig,giftCertificateRepositoryImpl,tagRepositoryImpl,org.springframework.transaction.annotation.ProxyTransactionManagementConfiguration,org.springframework.transaction.config.internalTransactionAdvisor,transactionAttributeSource,transactionInterceptor,org.springframework.transaction.config.internalTransactionalEventListenerFactory,hikariConfig,mysqlDataSource,jdbcTemplate,transactionManager,org.springframework.aop.config.internalAutoProxyCreator,org.springframework.web.servlet.config.annotation.DelegatingWebMvcConfiguration,requestMappingHandlerMapping,mvcPathMatcher,mvcUrlPathHelper,mvcContentNegotiationManager,viewControllerHandlerMapping,beanNameHandlerMapping,routerFunctionMapping,resourceHandlerMapping,mvcResourceUrlProvider,defaultServletHandlerMapping,requestMappingHandlerAdapter,handlerFunctionAdapter,mvcConversionService,mvcValidator,mvcUriComponentsContributor,httpRequestHandlerAdapter,simpleControllerHandlerAdapter,handlerExceptionResolver,mvcViewResolver,mvcHandlerMappingIntrospector,modelMapper,methodValidationPostProcessor]; root of factory hierarchy
2020-06-21 23:22:11,647 ERROR org.springframework.web.context.ContextLoader [localhost-startStop-1] Context initialization failed
org.springframework.beans.factory.BeanCreationException: Error creating bean with name 'exceptionHandlingController' defined in URL [jar:file:/D:/Java%20Lab/gift_service/web/build/install/web-shadow/lib/web-1.0-SNAPSHOT-all.jar!/com/epam/esm/web/controller/ExceptionHandlingController.class]: Instantiation of bean failed; nested exception is java.lang.ExceptionInInitializerError
	at org.springframework.beans.factory.support.AbstractAutowireCapableBeanFactory.instantiateBean(AbstractAutowireCapableBeanFactory.java:1320) ~[web-1.0-SNAPSHOT-all.jar:?]
	at org.springframework.beans.factory.support.AbstractAutowireCapableBeanFactory.createBeanInstance(AbstractAutowireCapableBeanFactory.java:1214) ~[web-1.0-SNAPSHOT-all.jar:?]
	at org.springframework.beans.factory.support.AbstractAutowireCapableBeanFactory.doCreateBean(AbstractAutowireCapableBeanFactory.java:557) ~[web-1.0-SNAPSHOT-all.jar:?]
	at org.springframework.beans.factory.support.AbstractAutowireCapableBeanFactory.createBean(AbstractAutowireCapableBeanFactory.java:517) ~[web-1.0-SNAPSHOT-all.jar:?]
	at org.springframework.beans.factory.support.AbstractBeanFactory.lambda$doGetBean$0(AbstractBeanFactory.java:323) ~[web-1.0-SNAPSHOT-all.jar:?]
	at org.springframework.beans.factory.support.DefaultSingletonBeanRegistry.getSingleton(DefaultSingletonBeanRegistry.java:226) ~[web-1.0-SNAPSHOT-all.jar:?]
	at org.springframework.beans.factory.support.AbstractBeanFactory.doGetBean(AbstractBeanFactory.java:321) ~[web-1.0-SNAPSHOT-all.jar:?]
	at org.springframework.beans.factory.support.AbstractBeanFactory.getBean(AbstractBeanFactory.java:202) ~[web-1.0-SNAPSHOT-all.jar:?]
	at org.springframework.beans.factory.support.DefaultListableBeanFactory.preInstantiateSingletons(DefaultListableBeanFactory.java:893) ~[web-1.0-SNAPSHOT-all.jar:?]
	at org.springframework.context.support.AbstractApplicationContext.finishBeanFactoryInitialization(AbstractApplicationContext.java:879) ~[web-1.0-SNAPSHOT-all.jar:?]
	at org.springframework.context.support.AbstractApplicationContext.refresh(AbstractApplicationContext.java:551) ~[web-1.0-SNAPSHOT-all.jar:?]
	at org.springframework.web.context.ContextLoader.configureAndRefreshWebApplicationContext(ContextLoader.java:401) ~[web-1.0-SNAPSHOT-all.jar:?]
	at org.springframework.web.context.ContextLoader.initWebApplicationContext(ContextLoader.java:292) [web-1.0-SNAPSHOT-all.jar:?]
	at org.springframework.web.context.ContextLoaderListener.contextInitialized(ContextLoaderListener.java:103) [web-1.0-SNAPSHOT-all.jar:?]
	at org.apache.catalina.core.StandardContext.listenerStart(StandardContext.java:4697) [web-1.0-SNAPSHOT-all.jar:?]
	at org.apache.catalina.core.StandardContext.startInternal(StandardContext.java:5165) [web-1.0-SNAPSHOT-all.jar:?]
	at org.apache.catalina.util.LifecycleBase.start(LifecycleBase.java:183) [web-1.0-SNAPSHOT-all.jar:?]
	at org.apache.catalina.core.ContainerBase$StartChild.call(ContainerBase.java:1412) [web-1.0-SNAPSHOT-all.jar:?]
	at org.apache.catalina.core.ContainerBase$StartChild.call(ContainerBase.java:1402) [web-1.0-SNAPSHOT-all.jar:?]
	at java.util.concurrent.FutureTask.run(FutureTask.java:264) [?:?]
	at java.util.concurrent.ThreadPoolExecutor.runWorker(ThreadPoolExecutor.java:1130) [?:?]
	at java.util.concurrent.ThreadPoolExecutor$Worker.run(ThreadPoolExecutor.java:630) [?:?]
	at java.lang.Thread.run(Thread.java:832) [?:?]
Caused by: java.lang.ExceptionInInitializerError
	at jdk.internal.reflect.NativeConstructorAccessorImpl.newInstance0(Native Method) ~[?:?]
	at jdk.internal.reflect.NativeConstructorAccessorImpl.newInstance(NativeConstructorAccessorImpl.java:62) ~[?:?]
	at jdk.internal.reflect.DelegatingConstructorAccessorImpl.newInstance(DelegatingConstructorAccessorImpl.java:45) ~[?:?]
	at java.lang.reflect.Constructor.newInstanceWithCaller(Constructor.java:500) ~[?:?]
	at java.lang.reflect.Constructor.newInstance(Constructor.java:481) ~[?:?]
	at org.springframework.beans.BeanUtils.instantiateClass(BeanUtils.java:204) ~[web-1.0-SNAPSHOT-all.jar:?]
	at org.springframework.beans.factory.support.SimpleInstantiationStrategy.instantiate(SimpleInstantiationStrategy.java:87) ~[web-1.0-SNAPSHOT-all.jar:?]
	at org.springframework.beans.factory.support.AbstractAutowireCapableBeanFactory.instantiateBean(AbstractAutowireCapableBeanFactory.java:1312) ~[web-1.0-SNAPSHOT-all.jar:?]
	... 22 more
Caused by: java.lang.UnsupportedOperationException: No class provided, and an appropriate one cannot be found.
	at org.apache.logging.log4j.LogManager.callerClass(LogManager.java:576) ~[web-1.0-SNAPSHOT-all.jar:?]
	at org.apache.logging.log4j.LogManager.getLogger(LogManager.java:601) ~[web-1.0-SNAPSHOT-all.jar:?]
	at org.apache.logging.log4j.LogManager.getLogger(LogManager.java:588) ~[web-1.0-SNAPSHOT-all.jar:?]
	at com.epam.esm.web.controller.ExceptionHandlingController.<clinit>(ExceptionHandlingController.java:27) ~[web-1.0-SNAPSHOT-all.jar:?]
	at jdk.internal.reflect.NativeConstructorAccessorImpl.newInstance0(Native Method) ~[?:?]
	at jdk.internal.reflect.NativeConstructorAccessorImpl.newInstance(NativeConstructorAccessorImpl.java:62) ~[?:?]
	at jdk.internal.reflect.DelegatingConstructorAccessorImpl.newInstance(DelegatingConstructorAccessorImpl.java:45) ~[?:?]
	at java.lang.reflect.Constructor.newInstanceWithCaller(Constructor.java:500) ~[?:?]
	at java.lang.reflect.Constructor.newInstance(Constructor.java:481) ~[?:?]
	at org.springframework.beans.BeanUtils.instantiateClass(BeanUtils.java:204) ~[web-1.0-SNAPSHOT-all.jar:?]
	at org.springframework.beans.factory.support.SimpleInstantiationStrategy.instantiate(SimpleInstantiationStrategy.java:87) ~[web-1.0-SNAPSHOT-all.jar:?]
	at org.springframework.beans.factory.support.AbstractAutowireCapableBeanFactory.instantiateBean(AbstractAutowireCapableBeanFactory.java:1312) ~[web-1.0-SNAPSHOT-all.jar:?]
	... 22 more
